<?xml version="1.0" encoding="utf-8"?><testsuites name="pytest tests"><testsuite name="pytest" errors="0" failures="0" skipped="0" tests="4" time="1.200" timestamp="2026-09-20T03:51:47.406998+00:00" hostname="agent-env-811266c5-c4ed-40a7-86d9-7bf5c3d1b0d5"><testcase classname="tests.test_store_api" name="test_public_products_and_filters" time="0.260" /><testcase classname="tests.test_store_api" name="test_auth_protection_and_me" time="0.186" /><testcase classname="tests.test_store_api" name="test_admin_product_create_get_and_archive" time="0.128" /><testcase classname="tests.test_store_api" name="test_order_requires_customer_email" time="0.127" /></testsuite></testsuites>