<?xml version="1.0" encoding="utf-8"?><testsuites name="pytest tests"><testsuite name="pytest" errors="0" failures="0" skipped="0" tests="12" time="6.481" timestamp="2026-09-20T04:32:06.924813+00:00" hostname="agent-env-811266c5-c4ed-40a7-86d9-7bf5c3d1b0d5"><testcase classname="tests.test_store_api" name="test_auth_login_me_and_admin_guard" time="0.302" /><testcase classname="tests.test_store_api" name="test_bruteforce_lockout_after_failed_attempts" time="0.364" /><testcase classname="tests.test_store_api" name="test_product_edit_requires_expected_stock_and_persists" time="0.181" /><testcase classname="tests.test_store_api" name="test_patch_stock_validation_and_same_count_allowed" time="0.249" /><testcase classname="tests.test_store_api" name="test_stale_stock_conflict_does_not_overwrite_latest_stock" time="0.309" /><testcase classname="tests.test_store_api" name="test_unknown_product_returns_404_for_edit_stock_and_delete" time="0.198" /><testcase classname="tests.test_store_api" name="test_soft_delete_removes_from_catalog_and_detail" time="0.263" /><testcase classname="tests.test_store_api" name="test_order_quantity_total_stock_and_owner_missing_status" time="1.384" /><testcase classname="tests.test_store_api" name="test_retry_owner_email_after_temp_config_and_skip_duplicate" time="1.414" /><testcase classname="tests.test_store_api" name="test_test_email_rate_limit_and_documentation_download" time="0.124" /><testcase classname="tests.test_store_api" name="test_reports_export_mime_filename_parseable_and_unauthorized" time="0.203" /><testcase classname="tests.test_store_api" name="test_store_name_update_persists_and_owner_email_blank_normalizes" time="0.593" /></testsuite></testsuites>