<?xml version="1.0" encoding="utf-8"?><testsuites name="pytest tests"><testsuite name="pytest" errors="0" failures="0" skipped="0" tests="12" time="3.782" timestamp="2026-09-20T05:09:09.633444+00:00" hostname="agent-env-811266c5-c4ed-40a7-86d9-7bf5c3d1b0d5"><testcase classname="tests.test_seo_helpers" name="test_site_config_validation" time="0.001" /><testcase classname="tests.test_seo_endpoints" name="test_home_raw_html_seo_tags_and_fallback_links" time="0.368" /><testcase classname="tests.test_seo_helpers" name="test_is_indexable_hostname_gating" time="0.000" /><testcase classname="tests.test_seo_helpers" name="test_make_page_and_head_html_escape_and_schema" time="0.000" /><testcase classname="tests.test_seo_helpers" name="test_router_robots_and_sitemap_indexable_only_active_nondeleted" time="0.009" /><testcase classname="tests.test_seo_helpers" name="test_router_page_home_and_404" time="0.007" /><testcase classname="tests.test_seo_endpoints" name="test_seo_config_and_discovery_routes_preview_mode" time="0.322" /><testcase classname="tests.test_seo_endpoints" name="test_product_page_schema_in_preview_has_no_fake_canonical" time="0.197" /><testcase classname="tests.test_seo_endpoints" name="test_active_zero_stock_still_has_valid_page_and_outofstock_schema" time="0.324" /><testcase classname="tests.test_seo_endpoints" name="test_inactive_missing_unknown_routes_return_404_and_noindex" time="0.522" /><testcase classname="tests.test_seo_endpoints" name="test_admin_cart_checkout_pages_noindex" time="0.407" /><testcase classname="tests.test_seo_endpoints" name="test_search_appearance_settings_persist_and_validation" time="0.628" /></testsuite></testsuites>